0:100  0:100  MemLog inited, TSC freq: 3696522720
0:100  0:000  CPU was calibrated with RTC
0:100  0:000  
0:100  0:000  Now is 5.4.2019,  12:56:1 (GMT)
0:100  0:000  Starting Clover revision: 4915 on American Megatrends EFI
0:100  0:000  Build with: [Args: -mc --no-usb -D NO_GRUB_DRIVERS_EMBEDDED -t XCODE8 | -D DISABLE_USB_SUPPORT -D NO_GRUB_DRIVERS_EMBEDDED --conf=/Users/aron/src/edk2/Conf -D USE_BIOS_BLOCKIO -D USE_LOW_EBDA -a X64 -b RELEASE -t XCODE8 -n 9 | OS: 10.14.4 | XCODE: 10.2]
0:100  0:000  SelfDevicePath=PciRoot(0x0)\Pci(0x17,0x0)\Sata(0x1,0xFFFF,0x0)\HD(1,GPT,952F91BB-173C-4F9E-AA42-FA988E0DBE42,0x28,0x64000) @8AAC3E18
0:100  0:000  SelfDirPath = \EFI\BOOT
0:102  0:002  === [ Get Smbios ] ========================================
0:102  0:000  Type 16 Index = 0
0:102  0:000  Total Memory Slots Count = 4
0:102  0:000  Type 17 Index = 0
0:102  0:000  Ignoring insane frequency value 0MHz
0:102  0:000  SmbiosTable.Type17->Speed = 0MHz
0:102  0:000  SmbiosTable.Type17->Size = 0MB
0:102  0:000  SmbiosTable.Type17->Bank/Device = BANK 0 ChannelA-DIMM1
0:102  0:000  SmbiosTable.Type17->Vendor = <null string>
0:102  0:000  SmbiosTable.Type17->SerialNumber = <null string>
0:102  0:000  SmbiosTable.Type17->PartNumber = <null string>
0:102  0:000  Type 17 Index = 1
0:102  0:000  SmbiosTable.Type17->Speed = 2666MHz
0:102  0:000  SmbiosTable.Type17->Size = 8192MB
0:102  0:000  SmbiosTable.Type17->Bank/Device = BANK 1 ChannelA-DIMM2
0:102  0:000  SmbiosTable.Type17->Vendor = Corsair
0:102  0:000  SmbiosTable.Type17->SerialNumber = 00000000
0:102  0:000  SmbiosTable.Type17->PartNumber = CM4X8GF2666C16K4    
0:102  0:000  Type 17 Index = 2
0:102  0:000  Ignoring insane frequency value 0MHz
0:102  0:000  SmbiosTable.Type17->Speed = 0MHz
0:102  0:000  SmbiosTable.Type17->Size = 0MB
0:102  0:000  SmbiosTable.Type17->Bank/Device = BANK 2 ChannelB-DIMM1
0:102  0:000  SmbiosTable.Type17->Vendor = <null string>
0:102  0:000  SmbiosTable.Type17->SerialNumber = <null string>
0:102  0:000  SmbiosTable.Type17->PartNumber = <null string>
0:102  0:000  Type 17 Index = 3
0:102  0:000  SmbiosTable.Type17->Speed = 2666MHz
0:102  0:000  SmbiosTable.Type17->Size = 8192MB
0:102  0:000  SmbiosTable.Type17->Bank/Device = BANK 3 ChannelB-DIMM2
0:102  0:000  SmbiosTable.Type17->Vendor = Corsair
0:102  0:000  SmbiosTable.Type17->SerialNumber = 00000000
0:102  0:000  SmbiosTable.Type17->PartNumber = CM4X8GF2666C16K4    
0:102  0:000  Boot status=0
0:102  0:000  Running on: 'System Product Name' with board 'TUF B360M-PLUS GAMING S'
0:102  0:000  === [ GetCPUProperties ] ==================================
0:102  0:000  CPU Vendor = 756E6547 Model=906EC
0:102  0:000   The CPU supported SSE4.1
0:102  0:000  BrandString = Intel(R) Core(TM) i5-9600K CPU @ 3.70GHz
0:102  0:000   The CPU supported turbo
0:102  0:000  MSR 0x35               60006
0:102  0:000   TSC/CCC Information Leaf:
0:102  0:000    numerator     : 308
0:102  0:000    denominator   : 2
0:102  0:000   Calibrated ARTFrequency: 24003394
0:102  0:000  MSR 0xE2 before patch 1E000000
0:102  0:000  MSR 0xCE              08080838_F1012500
0:102  0:000  corrected FLEX_RATIO = E0000
0:102  0:000  FSBFrequency = 99 MHz, DMI FSBFrequency = 100 MHz, Corrected FSBFrequency = 100 MHz
0:102  0:000  MaxDiv/MinDiv: 37.0/8
0:102  0:000  Turbo: 44/45/45/46
0:102  0:000  Features: 0xBFEBFBFF
0:102  0:000  Threads: 6
0:102  0:000  Cores: 6
0:102  0:000  FSB: 100 MHz
0:102  0:000  CPU: 3663 MHz
0:102  0:000  TSC: 3663 MHz
0:102  0:000  PIS: 100 MHz
0:102  0:000  ExternalClock: 25 MHz
0:102  0:000  === [ GetDevices ] ========================================
0:102  0:000  PCI (00|00:00.00) : 8086 3EC2 class=060000
0:102  0:000  PCI (00|00:01.00) : 8086 1901 class=060400
0:102  0:000  PCI (00|01:00.00) : 1002 67DF class=030000
0:102  0:000   - GFX: Model=AMD Radeon RX 480 (ATI/AMD)
0:102  0:000  PCI (00|01:00.01) : 1002 AAF0 class=040300
0:102  0:000   - HDMI Audio: 
0:102  0:000  PCI (00|00:14.00) : 8086 A36D class=0C0330
0:102  0:000  PCI (00|00:14.02) : 8086 A36F class=050000
0:102  0:000  PCI (00|00:16.00) : 8086 A360 class=078000
0:102  0:000  PCI (00|00:17.00) : 8086 A352 class=010601
0:102  0:000  PCI (00|00:1B.00) : 8086 A32C class=060400
0:102  0:000  PCI (00|00:1C.00) : 8086 A33C class=060400
0:102  0:000  PCI (00|00:1D.00) : 8086 A330 class=060400
0:102  0:000  PCI (00|04:00.00) : 144D A808 class=010802
0:102  0:000  PCI (00|00:1F.00) : 8086 A308 class=060100
0:102  0:000  PCI (00|00:1F.03) : 8086 A348 class=040300
0:102  0:000  PCI (00|00:1F.04) : 8086 A323 class=0C0500
0:102  0:000  PCI (00|00:1F.05) : 8086 A324 class=0C8000
0:102  0:000  PCI (00|00:1F.06) : 8086 15BC class=020000
0:102  0:000   - LAN: 0 Vendor=Intel
0:102  0:000  === [ GetDefaultSettings ] ================================
0:103  0:000  Clover load options size = 0 bytes
0:116  0:013  EFI\CLOVER\config.plist loaded: Success
0:116  0:000  === [ GetListOfThemes ] ===================================
0:123  0:006  - [00]: Hackintosh_ID
0:137  0:013  === [ Found config plists ] ===============================
0:138  0:001  - config.plist
0:139  0:000  === [ GetEarlyUserSettings ] ==============================
0:139  0:000  timeout set to 0
0:139  0:000  Custom boot CUSTOM_BOOT_THEME (0x0)
0:139  0:000  ForceKextsToLoad: 1 requested
0:139  0:000   - [0]: System\Library\Extensions\IONetworkingFamily.kext
0:139  0:000  KextsToPatch: 3 requested
0:139  0:000   - [00]: com.apple.driver.AppleIntelKBLGraphicsFramebuffer (0x591b0000, 32MB BIOS, 19MB framebuffer 9MB cursor bytes (credit RehabMan)) :: BinPatch :: data len: 8
0:139  0:000   - [01]: com.apple.driver.AppleIntelKBLGraphicsFramebuffer (0x591b0000, 0105 instead of 0306, HDMI) :: BinPatch :: data len: 36
0:139  0:000   - patch disabled at config
0:139  0:000   - [02]: com.apple.driver.usb.AppleUSBXHCI (10.13.x USB Port Limit Patch) :: MatchOS: 10.13.x :: BinPatch :: data len: 10
0:139  0:000  KernelToPatch: 3 requested
0:139  0:000   - [00]: Disable panic kext logging on 10.13 Debug kernel :: MatchOS: 10.13 :: data len: 6
0:139  0:000   - [01]: Disable panic kext logging on 10.13 Release kernel :: MatchOS: 10.13 :: data len: 6
0:139  0:000   - [02]: MSR 0xE2 _xcpm_idle instant reboot(c) Pike R. Alpha :: data len: 8
0:139  0:000  Default theme: Hackintosh_ID
0:139  0:000  Hiding entries with string BOOTX64.EFI
0:139  0:000  Hiding entries with string Windows
0:139  0:000  Hiding entries with string Preboot
0:139  0:000  Hiding entries with string Recovery
0:139  0:000  === [ LoadDrivers ] =======================================
0:141  0:001  Loading apfs.efi  status=Success
0:156  0:014   - driver needs connecting
0:156  0:000  Loading ApfsDriverLoader-64.efi  status=Success
0:158  0:002   - driver needs connecting
0:158  0:000  Loading AppleImageLoader-64.efi  status=Success
0:160  0:002  Loading AptioMemoryFix-64.efi  status=Success
0:163  0:003  Loading AudioDxe-64.efi  status=Success
0:176  0:013   - driver needs connecting
0:177  0:000  Loading DataHubDxe-64.efi  status=Success
0:182  0:004  Loading EmuVariableUefi-64.efi  status=Success
0:184  0:002  EmuVariableUefi Initialize: VariableCommonInitialize = Success, orig services stored, install gEmuVariableControlProtocolGuid = Success
0:185  0:000  Loading FSInject-64.efi  status=Success
0:187  0:002  Loading HFSPlus.efi  status=Success
0:192  0:005   - driver needs connecting
0:192  0:000  Loading NvmExpressDxe-64.efi  status=Success
0:195  0:002   - driver needs connecting
0:195  0:000  Loading SMCHelper-64.efi  status=Success
0:197  0:002  Loading VBoxHfs-64.efi  status=Success
0:204  0:007   - driver needs connecting
0:205  0:000  6 drivers needs connecting ...
0:205  0:000  PlatformDriverOverrideProtocol not found. Installing ... Success
0:205  0:000  HFS+ driver loaded
0:205  0:000  APFS driver loaded
0:205  0:000  Searching for invalid DiskIo BY_DRIVER connects: not found, all ok
6:689  6:484  EmuVariable InstallEmulation: orig vars copied, emu.var.services installed, CreateEvent VirtualAddressChange = Success, CreateEvent ExitBootServices = Success, set Status=Success
6:714  0:025  === [ InitScreen ] ========================================
6:714  0:000  Console modes reported: 4, available modes:
6:714  0:000   - [01]: 80x25 (current mode)
6:714  0:000   - [02]: 80x50
6:714  0:000   - [03]: 100x31
6:714  0:000   - [04]: 240x56
6:714  0:000  SetScreenResolution: 2560x1600 - not found!
6:714  0:000  SetMaxResolution: found best mode 0: 1920x1080
6:714  0:000   - already set
6:714  0:000  reinit: self device path=PciRoot(0x0)\Pci(0x17,0x0)\Sata(0x1,0xFFFF,0x0)\HD(1,GPT,952F91BB-173C-4F9E-AA42-FA988E0DBE42,0x28,0x64000)
6:716  0:001  === [ GetMacAddress ] =====================================
6:716  0:000  === [ ScanSPD ] ===========================================
6:716  0:000  Scanning SMBus [8086:A323], mmio: 0xA0538004, ioport: 0xEFA0, hostc: 0x11
6:737  0:020  Slot: 1 Type 26 8192MB 2666MHz Vendor=Corsair PartNo=CM4X8GF2666C16K4 SerialNo=0000000000000000
6:758  0:020  Slot: 3 Type 26 8192MB 2666MHz Vendor=Corsair PartNo=CM4X8GF2666C16K4 SerialNo=0000000000000000
6:758  0:000  === [ GetAcpiTablesList ] =================================
6:759  0:000  Get Acpi Tables List from RSDT:
6:759  0:000   - [00]: FACP  A M I  len=132
6:759  0:000   - [01]: APIC  A M I  len=160
6:759  0:000   - [02]: FPDT  A M I  len=68
6:759  0:000   - [03]: FIDT  A M I len=156
6:759  0:000   - [04]: MCFG  A M I  len=60
6:759  0:000   - [05]: WSMT  A M I  len=40
6:759  0:000   - [06]: SSDT  CpuSsdt len=6940
6:759  0:000   - [07]: SSDT  SaSsdt  len=12441
6:759  0:000   - [08]: SSDT  PegSsdt len=9003
6:759  0:000   - [09]: HPET  A M I  len=56
6:759  0:000   - [10]: SSDT  Ther_Rvp len=4014
6:759  0:000   - [11]: SSDT  xh_cfsd4 len=12240
6:759  0:000   - [12]: UEFI  A M I  len=66
6:759  0:000   - [13]: LPIT  A M I  len=148
6:759  0:000   - [14]: SSDT  PtidDevc len=10206
6:759  0:000   - [15]: SSDT  TbtTypeC len=5346
6:759  0:000   - [16]: DBGP  A M I  len=52
6:759  0:000   - [17]: DBG2  A M I  len=84
6:759  0:000   - [18]: SSDT  UsbCTabl len=7015
6:759  0:000   - [19]: SSDT  ADebTabl len=324
6:759  0:000   - [20]: VFCT  A M I  len=59524
6:759  0:000   - [21]: BGRT  A M I  len=56
6:759  0:000   - [22]: WPBT  A M I len=60
6:759  0:000  Calibrated TSC Frequency = 3696522720 = 3696MHz
6:759  0:000  === [ GetUserSettings ] ===================================
6:759  0:000  USB FixOwnership: yes
6:759  0:000  Dropping 2 tables:
6:759  0:000   - [00]: Drop table  signature="#MCF" (46434D23)
6:759  0:000           - set table: 46434D23,                0 to drop: no
6:759  0:000   - [01]: Drop table  signature="DMAR" (52414D44)
6:759  0:000           - set table: 52414D44,                0 to drop: no
6:759  0:000   - final DSDT Fix mask=00000000
6:759  0:000  PatchesDSDT: 3 requested
6:759  0:000   - [00]: (change EHC1 to EH01) lenToFind: 4, lenToReplace: 4, Target Bridge: <null string>
6:759  0:000   - [01]: (change EHC2 to EH02) lenToFind: 4, lenToReplace: 4, Target Bridge: <null string>
6:759  0:000   - [02]: (change XHC1 to XHC) lenToFind: 4, lenToReplace: 4, Target Bridge: <null string>
6:759  0:000  PluginType: 1
6:759  0:000  Using ProductName from config: MacBookPro15,1
6:759  0:000  Found same BiosVersion in clover and config
6:759  0:000  BiosVersion: MBP151.88Z.F000.B00.1809280842
6:759  0:000  BiosReleaseDate: 09/28/2018
6:759  0:000  Using EfiVersion from config: 220.240.2.0.0
6:759  0:000  Using FirmwareFeatures from config: 0xFC0FE137
6:759  0:000  Using FirmwareFeaturesMask from config: 0xFF1FFF3F
6:759  0:000  Board-ID set from config as Mac-937A206F2EE63C01
6:759  0:000  BoardType: 0xA
6:759  0:000  ChassisType: 0x9
6:761  0:002  === [ Found DSDT tables ] =================================
7:057  0:295  === [ ScanVolumes ] =======================================
7:057  0:000  Found 19 volumes with blockIO
7:057  0:000  - [00]: Volume: PciRoot(0x0)\Pci(0x14,0x0)\USB(0x14,0x0)
7:058  0:000          Result of bootcode detection: bootable unknown (legacy)
7:058  0:000          USB volume
7:058  0:000  - [01]: Volume: PciRoot(0x0)\Pci(0x14,0x0)\USB(0x14,0x0)\HD(1,MBR,0xAB8503CE,0x800,0x8F568)
7:058  0:000          Result of bootcode detection: bootable unknown (legacy)
7:058  0:000          USB volume
7:064  0:005  - [02]: Volume: PciRoot(0x0)\Pci(0x14,0x0)\USB(0x14,0x0)\HD(2,MBR,0xAB8503CE,0x90000,0x1DD1F8)
7:065  0:001          Result of bootcode detection: bootable unknown (legacy)
7:065  0:000          USB volume
7:070  0:004  - [03]: Volume: PciRoot(0x0)\Pci(0x14,0x0)\USB(0x14,0x0)\HD(3,MBR,0xAB8503CE,0x26D800,0xB8A800)
7:071  0:000          USB volume
7:071  0:000  - [04]: Volume: PciRoot(0x0)\Pci(0x14,0x0)\USB(0x9,0x0)
7:071  0:000          Result of bootcode detection: bootable unknown (legacy)
7:071  0:000          USB volume
7:071  0:000  - [05]: Volume: PciRoot(0x0)\Pci(0x14,0x0)\USB(0x9,0x0)\HD(1,MBR,0xD8D60075,0x1B7000,0x1AECD92)
7:072  0:000          Result of bootcode detection: bootable unknown (legacy)
7:072  0:000          USB volume
7:078  0:005  - [06]: Volume: PciRoot(0x0)\Pci(0x17,0x0)\Sata(0x0,0xFFFF,0x0)
7:079  0:000          Result of bootcode detection: bootable unknown (legacy)
7:079  0:000  - [07]: Volume: PciRoot(0x0)\Pci(0x17,0x0)\Sata(0x1,0xFFFF,0x0)
7:086  0:007  - [08]: Volume: PciRoot(0x0)\Pci(0x17,0x0)\Sata(0x0,0xFFFF,0x0)\HD(1,MBR,0x43434CF1,0x40,0x2542DA70)
7:087  0:000          Result of bootcode detection: bootable Windows (vista,win)
7:087  0:000  - [09]: Volume: PciRoot(0x0)\Pci(0x17,0x0)\Sata(0x1,0xFFFF,0x0)\HD(1,GPT,952F91BB-173C-4F9E-AA42-FA988E0DBE42,0x28,0x64000)
7:088  0:000          Result of bootcode detection: bootable unknown (legacy)
7:088  0:000          This is SelfVolume !!
7:088  0:000  - [10]: Volume: PciRoot(0x0)\Pci(0x17,0x0)\Sata(0x1,0xFFFF,0x0)\HD(2,GPT,5619E94C-9064-4E84-A19A-4050DA3D3AC1,0x64028,0x746A2D60)
7:089  0:000          Result of bootcode detection: bootable unknown (legacy)
7:089  0:000  - [11]: Volume: PciRoot(0x0)\Pci(0x1D,0x0)\Pci(0x0,0x0)\NVMe(0x1,5C-84-B3-81-5B-38-25-00)
7:089  0:000          Result of bootcode detection: bootable unknown (legacy)
7:089  0:000  - [12]: Volume: PciRoot(0x0)\Pci(0x1D,0x0)\Pci(0x0,0x0)\NVMe(0x1,5C-84-B3-81-5B-38-25-00)\HD(1,GPT,A06F7DBF-5F8A-4F23-8990-1CD1561C2635,0x800,0x96000)
7:089  0:000          Result of bootcode detection: bootable Windows (vista,win)
7:091  0:002  - [13]: Volume: PciRoot(0x0)\Pci(0x1D,0x0)\Pci(0x0,0x0)\NVMe(0x1,5C-84-B3-81-5B-38-25-00)\HD(2,GPT,7C1E537C-C0B7-4929-9097-F5C22795C63F,0x96800,0x40000)
7:091  0:000  - [14]: Volume: PciRoot(0x0)\Pci(0x1D,0x0)\Pci(0x0,0x0)\NVMe(0x1,5C-84-B3-81-5B-38-25-00)\HD(3,GPT,CC1D1968-0808-44EF-A9A0-997F27F5144C,0xD6800,0x1D0EF14F)
7:092  0:000          Result of bootcode detection: bootable Windows (vista,win)
7:092  0:000  - [15]: Volume: PciRoot(0x0)\Pci(0x17,0x0)\Sata(0x1,0xFFFF,0x0)\HD(2,GPT,5619E94C-9064-4E84-A19A-4050DA3D3AC1,0x64028,0x746A2D60)\VenMedia(BE74FCF7-0B7C-49F3-9147-01F4042E6842,8D90DC23A238B04A81801132AFD6BCFD)
7:092  0:000          hiding this volume
7:092  0:000  - [16]: Volume: PciRoot(0x0)\Pci(0x17,0x0)\Sata(0x1,0xFFFF,0x0)\HD(2,GPT,5619E94C-9064-4E84-A19A-4050DA3D3AC1,0x64028,0x746A2D60)\VenMedia(BE74FCF7-0B7C-49F3-9147-01F4042E6842,18A458D5E693DD45A958FD057922F699)
7:092  0:000  - [17]: Volume: PciRoot(0x0)\Pci(0x17,0x0)\Sata(0x1,0xFFFF,0x0)\HD(2,GPT,5619E94C-9064-4E84-A19A-4050DA3D3AC1,0x64028,0x746A2D60)\VenMedia(BE74FCF7-0B7C-49F3-9147-01F4042E6842,B751BA3364308446BBC8EA820B18AFDF)
7:092  0:000          hiding this volume
7:092  0:000  - [18]: Volume: PciRoot(0x0)\Pci(0x17,0x0)\Sata(0x1,0xFFFF,0x0)\HD(2,GPT,5619E94C-9064-4E84-A19A-4050DA3D3AC1,0x64028,0x746A2D60)\VenMedia(BE74FCF7-0B7C-49F3-9147-01F4042E6842,1B71A843CC95534AB7BB70A0723269E3)
7:094  0:002  PutNvramPlistToRtVars: nvram.plist not found
7:094  0:000  found 2 handles with audio
7:094  0:000  got index=7
7:094  0:000  got volume 70
7:094  0:000  === [ InitTheme ] =========================================
7:094  0:000  use daylight theme
7:104  0:009  Using theme 'Hackintosh_ID' (EFI\CLOVER\themes\Hackintosh_ID)
7:104  0:000  OS main and drive as badge
7:105  0:000  file sound read: sound.wav Not Found
7:106  0:001  Loading font from ThemeDir: Success
7:106  0:000  theme inited
7:106  0:000  Chosen theme Hackintosh_ID
7:106  0:000  after NVRAM boot-args=-v darkwake=1 nvda_drv=1
7:106  0:000  === [ Dump SMC keys from NVRAM ] ==========================
7:106  0:000  found AppleSMC protocol
7:107  0:000  Registered 0 SMC keys
7:107  0:000  === [ ScanLoader ] ========================================
7:107  0:000  - [01]: 'ESP'
7:112  0:005          AddLoaderEntry for Volume Name=ESP
7:112  0:000          skipped because entry is hidden
7:112  0:000  - [02]: 'PE'
7:112  0:000  - [03]: 'osx.cx'
7:113  0:000          AddLoaderEntry for Volume Name=osx.cx
7:141  0:027  - [05]: ''
7:146  0:005          AddLoaderEntry for Volume Name=
7:146  0:000          skipped because entry is hidden
7:146  0:000  - [08]: '° w'
7:146  0:000  - [09]: 'EFI'
7:164  0:017          AddLoaderEntry for Volume Name=EFI
7:164  0:000          skipped because entry is hidden
7:164  0:000  - [12]: 'EFI'
7:165  0:001          AddLoaderEntry for Volume Name=EFI
7:170  0:004          AddLoaderEntry for Volume Name=EFI
7:170  0:000          skipped because entry is hidden
7:170  0:000  - [14]: ''
7:170  0:000  - [15]: 'Preboot', hidden
7:170  0:000  - [16]: 'mac'
7:682  0:512          AddLoaderEntry for Volume Name=mac
7:727  0:044      hibernated: set as never
7:741  0:014  - [17]: 'Recovery', hidden
7:741  0:000  - [18]: 'VM'
7:741  0:000  === [ AddCustomTool ] =====================================
7:743  0:002  found tool \EFI\CLOVER\tools\Shell64U.efi
7:743  0:000  Checking EFI partition Volume 9 for Clover
7:746  0:002   Found Clover
7:758  0:012  EmuVariable UninstallEmulation: CloseEvent = Success, original var services restored
7:763  0:004  EmuVariable InstallEmulation: orig vars copied, emu.var.services installed, CreateEvent VirtualAddressChange = Success, CreateEvent ExitBootServices = Success, set Status=Success
7:789  0:025  === [ GetEfiBootDeviceFromNvram ] =========================
7:789  0:000  Default boot entry not found
7:789  0:000  EmuVariable UninstallEmulation: CloseEvent = Success, original var services restored
7:789  0:000  DefaultIndex=-1 and MainMenu.EntryCount=9
7:841  0:052  GUI ready
29:867  22:025  ReinitSelfLib after theme change
29:867  0:000  reinit: self device path=PciRoot(0x0)\Pci(0x17,0x0)\Sata(0x1,0xFFFF,0x0)\HD(1,GPT,952F91BB-173C-4F9E-AA42-FA988E0DBE42,0x28,0x64000)
29:869  0:002  === [ ScanVolumes ] =======================================
29:869  0:000  Found 19 volumes with blockIO
29:869  0:000  - [00]: Volume: PciRoot(0x0)\Pci(0x14,0x0)\USB(0x14,0x0)
29:870  0:001          Result of bootcode detection: bootable unknown (legacy)
29:870  0:000          USB volume
29:870  0:000  - [01]: Volume: PciRoot(0x0)\Pci(0x14,0x0)\USB(0x14,0x0)\HD(1,MBR,0xAB8503CE,0x800,0x8F568)
29:871  0:000          Result of bootcode detection: bootable unknown (legacy)
29:871  0:000          USB volume
29:871  0:000  - [02]: Volume: PciRoot(0x0)\Pci(0x14,0x0)\USB(0x14,0x0)\HD(2,MBR,0xAB8503CE,0x90000,0x1DD1F8)
29:872  0:000          Result of bootcode detection: bootable unknown (legacy)
29:872  0:000          USB volume
29:872  0:000  - [03]: Volume: PciRoot(0x0)\Pci(0x14,0x0)\USB(0x14,0x0)\HD(3,MBR,0xAB8503CE,0x26D800,0xB8A800)
29:873  0:000          USB volume
29:873  0:000  - [04]: Volume: PciRoot(0x0)\Pci(0x14,0x0)\USB(0x9,0x0)
29:874  0:001          Result of bootcode detection: bootable unknown (legacy)
29:874  0:000          USB volume
29:874  0:000  - [05]: Volume: PciRoot(0x0)\Pci(0x14,0x0)\USB(0x9,0x0)\HD(1,MBR,0xD8D60075,0x1B7000,0x1AECD92)
29:875  0:001          Result of bootcode detection: bootable unknown (legacy)
29:875  0:000          USB volume
29:875  0:000  - [06]: Volume: PciRoot(0x0)\Pci(0x17,0x0)\Sata(0x0,0xFFFF,0x0)
29:876  0:000          Result of bootcode detection: bootable unknown (legacy)
29:876  0:000  - [07]: Volume: PciRoot(0x0)\Pci(0x17,0x0)\Sata(0x1,0xFFFF,0x0)
29:876  0:000  - [08]: Volume: PciRoot(0x0)\Pci(0x17,0x0)\Sata(0x0,0xFFFF,0x0)\HD(1,MBR,0x43434CF1,0x40,0x2542DA70)
29:877  0:000          Result of bootcode detection: bootable Windows (vista,win)
29:877  0:000  - [09]: Volume: PciRoot(0x0)\Pci(0x17,0x0)\Sata(0x1,0xFFFF,0x0)\HD(1,GPT,952F91BB-173C-4F9E-AA42-FA988E0DBE42,0x28,0x64000)
29:878  0:000          Result of bootcode detection: bootable unknown (legacy)
29:878  0:000          This is SelfVolume !!
29:878  0:000  - [10]: Volume: PciRoot(0x0)\Pci(0x17,0x0)\Sata(0x1,0xFFFF,0x0)\HD(2,GPT,5619E94C-9064-4E84-A19A-4050DA3D3AC1,0x64028,0x746A2D60)
29:908  0:030          Result of bootcode detection: bootable unknown (legacy)
29:908  0:000  - [11]: Volume: PciRoot(0x0)\Pci(0x1D,0x0)\Pci(0x0,0x0)\NVMe(0x1,5C-84-B3-81-5B-38-25-00)
29:908  0:000          Result of bootcode detection: bootable unknown (legacy)
29:908  0:000  - [12]: Volume: PciRoot(0x0)\Pci(0x1D,0x0)\Pci(0x0,0x0)\NVMe(0x1,5C-84-B3-81-5B-38-25-00)\HD(1,GPT,A06F7DBF-5F8A-4F23-8990-1CD1561C2635,0x800,0x96000)
29:909  0:000          Result of bootcode detection: bootable Windows (vista,win)
29:909  0:000  - [13]: Volume: PciRoot(0x0)\Pci(0x1D,0x0)\Pci(0x0,0x0)\NVMe(0x1,5C-84-B3-81-5B-38-25-00)\HD(2,GPT,7C1E537C-C0B7-4929-9097-F5C22795C63F,0x96800,0x40000)
29:909  0:000  - [14]: Volume: PciRoot(0x0)\Pci(0x1D,0x0)\Pci(0x0,0x0)\NVMe(0x1,5C-84-B3-81-5B-38-25-00)\HD(3,GPT,CC1D1968-0808-44EF-A9A0-997F27F5144C,0xD6800,0x1D0EF14F)
29:909  0:000          Result of bootcode detection: bootable Windows (vista,win)
29:909  0:000  - [15]: Volume: PciRoot(0x0)\Pci(0x17,0x0)\Sata(0x1,0xFFFF,0x0)\HD(2,GPT,5619E94C-9064-4E84-A19A-4050DA3D3AC1,0x64028,0x746A2D60)\VenMedia(BE74FCF7-0B7C-49F3-9147-01F4042E6842,8D90DC23A238B04A81801132AFD6BCFD)
29:909  0:000  - [16]: Volume: PciRoot(0x0)\Pci(0x17,0x0)\Sata(0x1,0xFFFF,0x0)\HD(2,GPT,5619E94C-9064-4E84-A19A-4050DA3D3AC1,0x64028,0x746A2D60)\VenMedia(BE74FCF7-0B7C-49F3-9147-01F4042E6842,18A458D5E693DD45A958FD057922F699)
29:909  0:000  - [17]: Volume: PciRoot(0x0)\Pci(0x17,0x0)\Sata(0x1,0xFFFF,0x0)\HD(2,GPT,5619E94C-9064-4E84-A19A-4050DA3D3AC1,0x64028,0x746A2D60)\VenMedia(BE74FCF7-0B7C-49F3-9147-01F4042E6842,B751BA3364308446BBC8EA820B18AFDF)
29:909  0:000  - [18]: Volume: PciRoot(0x0)\Pci(0x17,0x0)\Sata(0x1,0xFFFF,0x0)\HD(2,GPT,5619E94C-9064-4E84-A19A-4050DA3D3AC1,0x64028,0x746A2D60)\VenMedia(BE74FCF7-0B7C-49F3-9147-01F4042E6842,1B71A843CC95534AB7BB70A0723269E3)
29:909  0:000  found 2 handles with audio
29:909  0:000  got index=7
29:910  0:000  got volume 70
29:910  0:000  theme inited
29:910  0:000  Chosen theme Hackintosh_ID
29:910  0:000  after NVRAM boot-args=-v darkwake=1 nvda_drv=1
29:910  0:000  === [ ScanLoader ] ========================================
29:910  0:000  - [01]: 'ESP'
29:910  0:000          AddLoaderEntry for Volume Name=ESP
29:924  0:014  - [02]: 'PE'
29:924  0:000  - [03]: 'osx.cx'
29:925  0:000          AddLoaderEntry for Volume Name=osx.cx
29:931  0:006  - [05]: ''
29:931  0:000          AddLoaderEntry for Volume Name=
29:933  0:002  - [08]: '° w'
29:933  0:000  - [09]: 'EFI'
29:947  0:014          AddLoaderEntry for Volume Name=EFI
29:947  0:000       skipped because path `PciRoot(0x0)\Pci(0x17,0x0)\Sata(0x1,0xFFFF,0x0)\HD(1,GPT,952F91BB-173C-4F9E-AA42-FA988E0DBE42,0x28,0x64000)\EFI\BOOT\BOOTX64.efii` is self path!
29:947  0:000  - [12]: 'EFI'
29:948  0:000          AddLoaderEntry for Volume Name=EFI
29:951  0:003          AddLoaderEntry for Volume Name=EFI
29:955  0:003  - [14]: ''
29:955  0:000  - [15]: 'Preboot'
29:992  0:037          AddLoaderEntry for Volume Name=Preboot
30:024  0:031      hibernated: set as never
30:046  0:022          AddLoaderEntry for Volume Name=Preboot
30:092  0:046  - [16]: 'mac'
30:184  0:092          AddLoaderEntry for Volume Name=mac
30:207  0:022      hibernated: set as never
30:225  0:017  - [17]: 'Recovery'
30:234  0:009          AddLoaderEntry for Volume Name=Recovery
30:292  0:058  - [18]: 'VM'
30:292  0:000  === [ AddCustomTool ] =====================================
30:293  0:001  found tool \EFI\CLOVER\tools\Shell64U.efi
30:293  0:000  Checking EFI partition Volume 9 for Clover
30:295  0:002   Found Clover
30:295  0:000  EmuVariable UninstallEmulation: CloseEvent = Invalid Parameter, original var services restored
30:295  0:000  EmuVariable InstallEmulation: orig vars copied, emu.var.services installed, CreateEvent VirtualAddressChange = Success, CreateEvent ExitBootServices = Success, set Status=Success
30:321  0:025  === [ GetEfiBootDeviceFromNvram ] =========================
30:321  0:000  Default boot entry not found
30:321  0:000  EmuVariable UninstallEmulation: CloseEvent = Success, original var services restored
30:321  0:000  DefaultIndex=-1 and MainMenu.EntryCount=15
36:055  5:733  ReinitSelfLib after theme change
36:055  0:000  reinit: self device path=PciRoot(0x0)\Pci(0x17,0x0)\Sata(0x1,0xFFFF,0x0)\HD(1,GPT,952F91BB-173C-4F9E-AA42-FA988E0DBE42,0x28,0x64000)
36:057  0:002  === [ ScanVolumes ] =======================================
36:057  0:000  Found 19 volumes with blockIO
36:057  0:000  - [00]: Volume: PciRoot(0x0)\Pci(0x14,0x0)\USB(0x14,0x0)
36:058  0:000          Result of bootcode detection: bootable unknown (legacy)
36:058  0:000          USB volume
36:058  0:000  - [01]: Volume: PciRoot(0x0)\Pci(0x14,0x0)\USB(0x14,0x0)\HD(1,MBR,0xAB8503CE,0x800,0x8F568)
36:059  0:000          Result of bootcode detection: bootable unknown (legacy)
36:059  0:000          USB volume
36:059  0:000  - [02]: Volume: PciRoot(0x0)\Pci(0x14,0x0)\USB(0x14,0x0)\HD(2,MBR,0xAB8503CE,0x90000,0x1DD1F8)
36:060  0:001          Result of bootcode detection: bootable unknown (legacy)
36:060  0:000          USB volume
36:060  0:000  - [03]: Volume: PciRoot(0x0)\Pci(0x14,0x0)\USB(0x14,0x0)\HD(3,MBR,0xAB8503CE,0x26D800,0xB8A800)
36:061  0:000          USB volume
36:061  0:000  - [04]: Volume: PciRoot(0x0)\Pci(0x14,0x0)\USB(0x9,0x0)
36:062  0:000          Result of bootcode detection: bootable unknown (legacy)
36:062  0:000          USB volume
36:062  0:000  - [05]: Volume: PciRoot(0x0)\Pci(0x14,0x0)\USB(0x9,0x0)\HD(1,MBR,0xD8D60075,0x1B7000,0x1AECD92)
36:063  0:001          Result of bootcode detection: bootable unknown (legacy)
36:063  0:000          USB volume
36:063  0:000  - [06]: Volume: PciRoot(0x0)\Pci(0x17,0x0)\Sata(0x0,0xFFFF,0x0)
36:063  0:000          Result of bootcode detection: bootable unknown (legacy)
36:063  0:000  - [07]: Volume: PciRoot(0x0)\Pci(0x17,0x0)\Sata(0x1,0xFFFF,0x0)
36:064  0:000  - [08]: Volume: PciRoot(0x0)\Pci(0x17,0x0)\Sata(0x0,0xFFFF,0x0)\HD(1,MBR,0x43434CF1,0x40,0x2542DA70)
36:065  0:000          Result of bootcode detection: bootable Windows (vista,win)
36:065  0:000  - [09]: Volume: PciRoot(0x0)\Pci(0x17,0x0)\Sata(0x1,0xFFFF,0x0)\HD(1,GPT,952F91BB-173C-4F9E-AA42-FA988E0DBE42,0x28,0x64000)
36:065  0:000          Result of bootcode detection: bootable unknown (legacy)
36:066  0:000          This is SelfVolume !!
36:066  0:000  - [10]: Volume: PciRoot(0x0)\Pci(0x17,0x0)\Sata(0x1,0xFFFF,0x0)\HD(2,GPT,5619E94C-9064-4E84-A19A-4050DA3D3AC1,0x64028,0x746A2D60)
36:066  0:000          Result of bootcode detection: bootable unknown (legacy)
36:066  0:000  - [11]: Volume: PciRoot(0x0)\Pci(0x1D,0x0)\Pci(0x0,0x0)\NVMe(0x1,5C-84-B3-81-5B-38-25-00)
36:066  0:000          Result of bootcode detection: bootable unknown (legacy)
36:066  0:000  - [12]: Volume: PciRoot(0x0)\Pci(0x1D,0x0)\Pci(0x0,0x0)\NVMe(0x1,5C-84-B3-81-5B-38-25-00)\HD(1,GPT,A06F7DBF-5F8A-4F23-8990-1CD1561C2635,0x800,0x96000)
36:066  0:000          Result of bootcode detection: bootable Windows (vista,win)
36:067  0:000  - [13]: Volume: PciRoot(0x0)\Pci(0x1D,0x0)\Pci(0x0,0x0)\NVMe(0x1,5C-84-B3-81-5B-38-25-00)\HD(2,GPT,7C1E537C-C0B7-4929-9097-F5C22795C63F,0x96800,0x40000)
36:067  0:000  - [14]: Volume: PciRoot(0x0)\Pci(0x1D,0x0)\Pci(0x0,0x0)\NVMe(0x1,5C-84-B3-81-5B-38-25-00)\HD(3,GPT,CC1D1968-0808-44EF-A9A0-997F27F5144C,0xD6800,0x1D0EF14F)
36:067  0:000          Result of bootcode detection: bootable Windows (vista,win)
36:067  0:000  - [15]: Volume: PciRoot(0x0)\Pci(0x17,0x0)\Sata(0x1,0xFFFF,0x0)\HD(2,GPT,5619E94C-9064-4E84-A19A-4050DA3D3AC1,0x64028,0x746A2D60)\VenMedia(BE74FCF7-0B7C-49F3-9147-01F4042E6842,8D90DC23A238B04A81801132AFD6BCFD)
36:067  0:000  - [16]: Volume: PciRoot(0x0)\Pci(0x17,0x0)\Sata(0x1,0xFFFF,0x0)\HD(2,GPT,5619E94C-9064-4E84-A19A-4050DA3D3AC1,0x64028,0x746A2D60)\VenMedia(BE74FCF7-0B7C-49F3-9147-01F4042E6842,18A458D5E693DD45A958FD057922F699)
36:067  0:000  - [17]: Volume: PciRoot(0x0)\Pci(0x17,0x0)\Sata(0x1,0xFFFF,0x0)\HD(2,GPT,5619E94C-9064-4E84-A19A-4050DA3D3AC1,0x64028,0x746A2D60)\VenMedia(BE74FCF7-0B7C-49F3-9147-01F4042E6842,B751BA3364308446BBC8EA820B18AFDF)
36:067  0:000  - [18]: Volume: PciRoot(0x0)\Pci(0x17,0x0)\Sata(0x1,0xFFFF,0x0)\HD(2,GPT,5619E94C-9064-4E84-A19A-4050DA3D3AC1,0x64028,0x746A2D60)\VenMedia(BE74FCF7-0B7C-49F3-9147-01F4042E6842,1B71A843CC95534AB7BB70A0723269E3)
36:070  0:002  PutNvramPlistToRtVars: nvram.plist not found
36:070  0:000  found 2 handles with audio
36:070  0:000  got index=7
36:070  0:000  got volume 70
36:070  0:000  theme inited
36:070  0:000  Chosen theme Hackintosh_ID
36:070  0:000  after NVRAM boot-args=-v darkwake=1 nvda_drv=1
36:070  0:000  === [ ScanLoader ] ========================================
36:070  0:000  - [01]: 'ESP'
36:070  0:000          AddLoaderEntry for Volume Name=ESP
36:073  0:002  - [02]: 'PE'
36:073  0:000  - [03]: 'osx.cx'
36:073  0:000          AddLoaderEntry for Volume Name=osx.cx
36:079  0:006  - [05]: ''
36:079  0:000          AddLoaderEntry for Volume Name=
36:081  0:002  - [08]: '° w'
36:081  0:000  - [09]: 'EFI'
36:096  0:014          AddLoaderEntry for Volume Name=EFI
36:096  0:000       skipped because path `PciRoot(0x0)\Pci(0x17,0x0)\Sata(0x1,0xFFFF,0x0)\HD(1,GPT,952F91BB-173C-4F9E-AA42-FA988E0DBE42,0x28,0x64000)\EFI\BOOT\BOOTX64.efii` is self path!
36:096  0:000  - [12]: 'EFI'
36:097  0:000          AddLoaderEntry for Volume Name=EFI
36:100  0:003          AddLoaderEntry for Volume Name=EFI
36:103  0:002  - [14]: ''
36:103  0:000  - [15]: 'Preboot'
36:114  0:010          AddLoaderEntry for Volume Name=Preboot
36:126  0:012      hibernated: set as never
36:137  0:010          AddLoaderEntry for Volume Name=Preboot
36:165  0:027  - [16]: 'mac'
36:257  0:092          AddLoaderEntry for Volume Name=mac
36:280  0:022      hibernated: set as never
36:297  0:017  - [17]: 'Recovery'
36:306  0:009          AddLoaderEntry for Volume Name=Recovery
36:326  0:020  - [18]: 'VM'
36:326  0:000  === [ AddCustomTool ] =====================================
36:328  0:001  found tool \EFI\CLOVER\tools\Shell64U.efi
36:328  0:000  Checking EFI partition Volume 9 for Clover
36:330  0:002   Found Clover
36:330  0:000  EmuVariable UninstallEmulation: CloseEvent = Invalid Parameter, original var services restored
36:330  0:000  EmuVariable InstallEmulation: orig vars copied, emu.var.services installed, CreateEvent VirtualAddressChange = Success, CreateEvent ExitBootServices = Success, set Status=Success
36:356  0:026  === [ GetEfiBootDeviceFromNvram ] =========================
36:356  0:000  Default boot entry not found
36:356  0:000  EmuVariable UninstallEmulation: CloseEvent = Success, original var services restored
36:356  0:000  DefaultIndex=-1 and MainMenu.EntryCount=15
37:337  0:980  ReinitSelfLib after theme change
37:337  0:000  reinit: self device path=PciRoot(0x0)\Pci(0x17,0x0)\Sata(0x1,0xFFFF,0x0)\HD(1,GPT,952F91BB-173C-4F9E-AA42-FA988E0DBE42,0x28,0x64000)
37:339  0:002  === [ ScanVolumes ] =======================================
37:339  0:000  Found 19 volumes with blockIO
37:339  0:000  - [00]: Volume: PciRoot(0x0)\Pci(0x14,0x0)\USB(0x14,0x0)
37:340  0:000          Result of bootcode detection: bootable unknown (legacy)
37:340  0:000          USB volume
37:340  0:000  - [01]: Volume: PciRoot(0x0)\Pci(0x14,0x0)\USB(0x14,0x0)\HD(1,MBR,0xAB8503CE,0x800,0x8F568)
37:341  0:000          Result of bootcode detection: bootable unknown (legacy)
37:341  0:000          USB volume
37:341  0:000  - [02]: Volume: PciRoot(0x0)\Pci(0x14,0x0)\USB(0x14,0x0)\HD(2,MBR,0xAB8503CE,0x90000,0x1DD1F8)
37:342  0:000          Result of bootcode detection: bootable unknown (legacy)
37:342  0:000          USB volume
37:342  0:000  - [03]: Volume: PciRoot(0x0)\Pci(0x14,0x0)\USB(0x14,0x0)\HD(3,MBR,0xAB8503CE,0x26D800,0xB8A800)
37:343  0:000          USB volume
37:343  0:000  - [04]: Volume: PciRoot(0x0)\Pci(0x14,0x0)\USB(0x9,0x0)
37:344  0:000          Result of bootcode detection: bootable unknown (legacy)
37:344  0:000          USB volume
37:344  0:000  - [05]: Volume: PciRoot(0x0)\Pci(0x14,0x0)\USB(0x9,0x0)\HD(1,MBR,0xD8D60075,0x1B7000,0x1AECD92)
37:344  0:000          Result of bootcode detection: bootable unknown (legacy)
37:344  0:000          USB volume
37:345  0:000  - [06]: Volume: PciRoot(0x0)\Pci(0x17,0x0)\Sata(0x0,0xFFFF,0x0)
37:345  0:000          Result of bootcode detection: bootable unknown (legacy)
37:345  0:000  - [07]: Volume: PciRoot(0x0)\Pci(0x17,0x0)\Sata(0x1,0xFFFF,0x0)
37:346  0:000  - [08]: Volume: PciRoot(0x0)\Pci(0x17,0x0)\Sata(0x0,0xFFFF,0x0)\HD(1,MBR,0x43434CF1,0x40,0x2542DA70)
37:346  0:000          Result of bootcode detection: bootable Windows (vista,win)
37:346  0:000  - [09]: Volume: PciRoot(0x0)\Pci(0x17,0x0)\Sata(0x1,0xFFFF,0x0)\HD(1,GPT,952F91BB-173C-4F9E-AA42-FA988E0DBE42,0x28,0x64000)
37:347  0:000          Result of bootcode detection: bootable unknown (legacy)
37:347  0:000          This is SelfVolume !!
37:347  0:000  - [10]: Volume: PciRoot(0x0)\Pci(0x17,0x0)\Sata(0x1,0xFFFF,0x0)\HD(2,GPT,5619E94C-9064-4E84-A19A-4050DA3D3AC1,0x64028,0x746A2D60)
37:348  0:000          Result of bootcode detection: bootable unknown (legacy)
37:348  0:000  - [11]: Volume: PciRoot(0x0)\Pci(0x1D,0x0)\Pci(0x0,0x0)\NVMe(0x1,5C-84-B3-81-5B-38-25-00)
37:348  0:000          Result of bootcode detection: bootable unknown (legacy)
37:348  0:000  - [12]: Volume: PciRoot(0x0)\Pci(0x1D,0x0)\Pci(0x0,0x0)\NVMe(0x1,5C-84-B3-81-5B-38-25-00)\HD(1,GPT,A06F7DBF-5F8A-4F23-8990-1CD1561C2635,0x800,0x96000)
37:348  0:000          Result of bootcode detection: bootable Windows (vista,win)
37:348  0:000  - [13]: Volume: PciRoot(0x0)\Pci(0x1D,0x0)\Pci(0x0,0x0)\NVMe(0x1,5C-84-B3-81-5B-38-25-00)\HD(2,GPT,7C1E537C-C0B7-4929-9097-F5C22795C63F,0x96800,0x40000)
37:348  0:000  - [14]: Volume: PciRoot(0x0)\Pci(0x1D,0x0)\Pci(0x0,0x0)\NVMe(0x1,5C-84-B3-81-5B-38-25-00)\HD(3,GPT,CC1D1968-0808-44EF-A9A0-997F27F5144C,0xD6800,0x1D0EF14F)
37:348  0:000          Result of bootcode detection: bootable Windows (vista,win)
37:348  0:000  - [15]: Volume: PciRoot(0x0)\Pci(0x17,0x0)\Sata(0x1,0xFFFF,0x0)\HD(2,GPT,5619E94C-9064-4E84-A19A-4050DA3D3AC1,0x64028,0x746A2D60)\VenMedia(BE74FCF7-0B7C-49F3-9147-01F4042E6842,8D90DC23A238B04A81801132AFD6BCFD)
37:348  0:000  - [16]: Volume: PciRoot(0x0)\Pci(0x17,0x0)\Sata(0x1,0xFFFF,0x0)\HD(2,GPT,5619E94C-9064-4E84-A19A-4050DA3D3AC1,0x64028,0x746A2D60)\VenMedia(BE74FCF7-0B7C-49F3-9147-01F4042E6842,18A458D5E693DD45A958FD057922F699)
37:348  0:000  - [17]: Volume: PciRoot(0x0)\Pci(0x17,0x0)\Sata(0x1,0xFFFF,0x0)\HD(2,GPT,5619E94C-9064-4E84-A19A-4050DA3D3AC1,0x64028,0x746A2D60)\VenMedia(BE74FCF7-0B7C-49F3-9147-01F4042E6842,B751BA3364308446BBC8EA820B18AFDF)
37:349  0:000  - [18]: Volume: PciRoot(0x0)\Pci(0x17,0x0)\Sata(0x1,0xFFFF,0x0)\HD(2,GPT,5619E94C-9064-4E84-A19A-4050DA3D3AC1,0x64028,0x746A2D60)\VenMedia(BE74FCF7-0B7C-49F3-9147-01F4042E6842,1B71A843CC95534AB7BB70A0723269E3)
37:351  0:002  PutNvramPlistToRtVars: nvram.plist not found
37:351  0:000  found 2 handles with audio
37:352  0:000  got index=7
37:352  0:000  got volume 70
37:352  0:000  theme inited
37:352  0:000  Chosen theme Hackintosh_ID
37:352  0:000  after NVRAM boot-args=-v darkwake=1 nvda_drv=1
37:352  0:000  === [ ScanLoader ] ========================================
37:352  0:000  - [01]: 'ESP'
37:352  0:000          AddLoaderEntry for Volume Name=ESP
37:354  0:002  - [02]: 'PE'
37:354  0:000  - [03]: 'osx.cx'
37:354  0:000          AddLoaderEntry for Volume Name=osx.cx
37:360  0:005  - [05]: ''
37:360  0:000          AddLoaderEntry for Volume Name=
37:363  0:002  - [08]: '° w'
37:363  0:000  - [09]: 'EFI'
37:377  0:014          AddLoaderEntry for Volume Name=EFI
37:377  0:000       skipped because path `PciRoot(0x0)\Pci(0x17,0x0)\Sata(0x1,0xFFFF,0x0)\HD(1,GPT,952F91BB-173C-4F9E-AA42-FA988E0DBE42,0x28,0x64000)\EFI\BOOT\BOOTX64.efii` is self path!
37:377  0:000  - [12]: 'EFI'
37:378  0:000          AddLoaderEntry for Volume Name=EFI
37:381  0:003          AddLoaderEntry for Volume Name=EFI
37:383  0:002  - [14]: ''
37:383  0:000  - [15]: 'Preboot'
37:394  0:010          AddLoaderEntry for Volume Name=Preboot
37:407  0:012      hibernated: set as never
37:416  0:009          AddLoaderEntry for Volume Name=Preboot
37:445  0:028  - [16]: 'mac'
37:537  0:092          AddLoaderEntry for Volume Name=mac
37:559  0:022      hibernated: set as never
37:577  0:017  - [17]: 'Recovery'
37:587  0:009          AddLoaderEntry for Volume Name=Recovery
37:607  0:020  - [18]: 'VM'
37:607  0:000  === [ AddCustomTool ] =====================================
37:608  0:001  found tool \EFI\CLOVER\tools\Shell64U.efi
37:608  0:000  Checking EFI partition Volume 9 for Clover
37:611  0:002   Found Clover
37:611  0:000  EmuVariable UninstallEmulation: CloseEvent = Invalid Parameter, original var services restored
37:611  0:000  EmuVariable InstallEmulation: orig vars copied, emu.var.services installed, CreateEvent VirtualAddressChange = Success, CreateEvent ExitBootServices = Success, set Status=Success
37:637  0:026  === [ GetEfiBootDeviceFromNvram ] =========================
37:637  0:000  Default boot entry not found
37:637  0:000  EmuVariable UninstallEmulation: CloseEvent = Success, original var services restored
37:637  0:000  DefaultIndex=-1 and MainMenu.EntryCount=15
73:537  35:899  ReinitSelfLib after theme change
73:537  0:000  reinit: self device path=PciRoot(0x0)\Pci(0x17,0x0)\Sata(0x1,0xFFFF,0x0)\HD(1,GPT,952F91BB-173C-4F9E-AA42-FA988E0DBE42,0x28,0x64000)
73:539  0:002  === [ ScanVolumes ] =======================================
73:539  0:000  Found 19 volumes with blockIO
73:539  0:000  - [00]: Volume: PciRoot(0x0)\Pci(0x14,0x0)\USB(0x14,0x0)
73:540  0:000          Result of bootcode detection: bootable unknown (legacy)
73:540  0:000          USB volume
73:540  0:000  - [01]: Volume: PciRoot(0x0)\Pci(0x14,0x0)\USB(0x14,0x0)\HD(1,MBR,0xAB8503CE,0x800,0x8F568)
73:541  0:000          Result of bootcode detection: bootable unknown (legacy)
73:541  0:000          USB volume
73:541  0:000  - [02]: Volume: PciRoot(0x0)\Pci(0x14,0x0)\USB(0x14,0x0)\HD(2,MBR,0xAB8503CE,0x90000,0x1DD1F8)
73:542  0:001          Result of bootcode detection: bootable unknown (legacy)
73:542  0:000          USB volume
73:542  0:000  - [03]: Volume: PciRoot(0x0)\Pci(0x14,0x0)\USB(0x14,0x0)\HD(3,MBR,0xAB8503CE,0x26D800,0xB8A800)
73:543  0:000          USB volume
73:543  0:000  - [04]: Volume: PciRoot(0x0)\Pci(0x14,0x0)\USB(0x9,0x0)
73:544  0:000          Result of bootcode detection: bootable unknown (legacy)
73:544  0:000          USB volume
73:544  0:000  - [05]: Volume: PciRoot(0x0)\Pci(0x14,0x0)\USB(0x9,0x0)\HD(1,MBR,0xD8D60075,0x1B7000,0x1AECD92)
73:545  0:001          Result of bootcode detection: bootable unknown (legacy)
73:545  0:000          USB volume
73:545  0:000  - [06]: Volume: PciRoot(0x0)\Pci(0x17,0x0)\Sata(0x0,0xFFFF,0x0)
73:545  0:000          Result of bootcode detection: bootable unknown (legacy)
73:545  0:000  - [07]: Volume: PciRoot(0x0)\Pci(0x17,0x0)\Sata(0x1,0xFFFF,0x0)
73:546  0:000  - [08]: Volume: PciRoot(0x0)\Pci(0x17,0x0)\Sata(0x0,0xFFFF,0x0)\HD(1,MBR,0x43434CF1,0x40,0x2542DA70)
73:547  0:000          Result of bootcode detection: bootable Windows (vista,win)
73:547  0:000  - [09]: Volume: PciRoot(0x0)\Pci(0x17,0x0)\Sata(0x1,0xFFFF,0x0)\HD(1,GPT,952F91BB-173C-4F9E-AA42-FA988E0DBE42,0x28,0x64000)
73:547  0:000          Result of bootcode detection: bootable unknown (legacy)
73:548  0:000          This is SelfVolume !!
73:548  0:000  - [10]: Volume: PciRoot(0x0)\Pci(0x17,0x0)\Sata(0x1,0xFFFF,0x0)\HD(2,GPT,5619E94C-9064-4E84-A19A-4050DA3D3AC1,0x64028,0x746A2D60)
73:548  0:000          Result of bootcode detection: bootable unknown (legacy)
73:548  0:000  - [11]: Volume: PciRoot(0x0)\Pci(0x1D,0x0)\Pci(0x0,0x0)\NVMe(0x1,5C-84-B3-81-5B-38-25-00)
73:548  0:000          Result of bootcode detection: bootable unknown (legacy)
73:548  0:000  - [12]: Volume: PciRoot(0x0)\Pci(0x1D,0x0)\Pci(0x0,0x0)\NVMe(0x1,5C-84-B3-81-5B-38-25-00)\HD(1,GPT,A06F7DBF-5F8A-4F23-8990-1CD1561C2635,0x800,0x96000)
73:549  0:000          Result of bootcode detection: bootable Windows (vista,win)
73:549  0:000  - [13]: Volume: PciRoot(0x0)\Pci(0x1D,0x0)\Pci(0x0,0x0)\NVMe(0x1,5C-84-B3-81-5B-38-25-00)\HD(2,GPT,7C1E537C-C0B7-4929-9097-F5C22795C63F,0x96800,0x40000)
73:549  0:000  - [14]: Volume: PciRoot(0x0)\Pci(0x1D,0x0)\Pci(0x0,0x0)\NVMe(0x1,5C-84-B3-81-5B-38-25-00)\HD(3,GPT,CC1D1968-0808-44EF-A9A0-997F27F5144C,0xD6800,0x1D0EF14F)
73:549  0:000          Result of bootcode detection: bootable Windows (vista,win)
73:549  0:000  - [15]: Volume: PciRoot(0x0)\Pci(0x17,0x0)\Sata(0x1,0xFFFF,0x0)\HD(2,GPT,5619E94C-9064-4E84-A19A-4050DA3D3AC1,0x64028,0x746A2D60)\VenMedia(BE74FCF7-0B7C-49F3-9147-01F4042E6842,8D90DC23A238B04A81801132AFD6BCFD)
73:549  0:000  - [16]: Volume: PciRoot(0x0)\Pci(0x17,0x0)\Sata(0x1,0xFFFF,0x0)\HD(2,GPT,5619E94C-9064-4E84-A19A-4050DA3D3AC1,0x64028,0x746A2D60)\VenMedia(BE74FCF7-0B7C-49F3-9147-01F4042E6842,18A458D5E693DD45A958FD057922F699)
73:549  0:000  - [17]: Volume: PciRoot(0x0)\Pci(0x17,0x0)\Sata(0x1,0xFFFF,0x0)\HD(2,GPT,5619E94C-9064-4E84-A19A-4050DA3D3AC1,0x64028,0x746A2D60)\VenMedia(BE74FCF7-0B7C-49F3-9147-01F4042E6842,B751BA3364308446BBC8EA820B18AFDF)
73:549  0:000  - [18]: Volume: PciRoot(0x0)\Pci(0x17,0x0)\Sata(0x1,0xFFFF,0x0)\HD(2,GPT,5619E94C-9064-4E84-A19A-4050DA3D3AC1,0x64028,0x746A2D60)\VenMedia(BE74FCF7-0B7C-49F3-9147-01F4042E6842,1B71A843CC95534AB7BB70A0723269E3)
73:552  0:002  PutNvramPlistToRtVars: nvram.plist not found
73:552  0:000  found 2 handles with audio
73:552  0:000  got index=7
73:552  0:000  got volume 70
73:552  0:000  theme inited
73:552  0:000  Chosen theme Hackintosh_ID
73:552  0:000  after NVRAM boot-args=-v darkwake=1 nvda_drv=1
73:552  0:000  === [ ScanLoader ] ========================================
73:552  0:000  - [01]: 'ESP'
73:552  0:000          AddLoaderEntry for Volume Name=ESP
73:555  0:002  - [02]: 'PE'
73:555  0:000  - [03]: 'osx.cx'
73:555  0:000          AddLoaderEntry for Volume Name=osx.cx
73:561  0:005  - [05]: ''
73:561  0:000          AddLoaderEntry for Volume Name=
73:563  0:002  - [08]: '° w'
73:563  0:000  - [09]: 'EFI'
73:577  0:014          AddLoaderEntry for Volume Name=EFI
73:578  0:000       skipped because path `PciRoot(0x0)\Pci(0x17,0x0)\Sata(0x1,0xFFFF,0x0)\HD(1,GPT,952F91BB-173C-4F9E-AA42-FA988E0DBE42,0x28,0x64000)\EFI\BOOT\BOOTX64.efii` is self path!
73:578  0:000  - [12]: 'EFI'
73:578  0:000          AddLoaderEntry for Volume Name=EFI
73:582  0:003          AddLoaderEntry for Volume Name=EFI
73:584  0:002  - [14]: ''
73:584  0:000  - [15]: 'Preboot'
73:595  0:010          AddLoaderEntry for Volume Name=Preboot
73:608  0:012      hibernated: set as never
73:618  0:009          AddLoaderEntry for Volume Name=Preboot
73:645  0:027  - [16]: 'mac'
73:738  0:092          AddLoaderEntry for Volume Name=mac
73:760  0:022      hibernated: set as never
73:778  0:017  - [17]: 'Recovery'
73:787  0:009          AddLoaderEntry for Volume Name=Recovery
73:808  0:020  - [18]: 'VM'
73:808  0:000  === [ AddCustomTool ] =====================================
73:809  0:001  found tool \EFI\CLOVER\tools\Shell64U.efi
73:809  0:000  Checking EFI partition Volume 9 for Clover
73:811  0:002   Found Clover
73:811  0:000  EmuVariable UninstallEmulation: CloseEvent = Invalid Parameter, original var services restored
73:811  0:000  EmuVariable InstallEmulation: orig vars copied, emu.var.services installed, CreateEvent VirtualAddressChange = Success, CreateEvent ExitBootServices = Success, set Status=Success
73:838  0:026  === [ GetEfiBootDeviceFromNvram ] =========================
73:838  0:000  Default boot entry not found
73:838  0:000  EmuVariable UninstallEmulation: CloseEvent = Success, original var services restored
73:838  0:000  DefaultIndex=-1 and MainMenu.EntryCount=15
75:156  1:317  ReinitSelfLib after theme change
75:156  0:000  reinit: self device path=PciRoot(0x0)\Pci(0x17,0x0)\Sata(0x1,0xFFFF,0x0)\HD(1,GPT,952F91BB-173C-4F9E-AA42-FA988E0DBE42,0x28,0x64000)
75:158  0:002  === [ ScanVolumes ] =======================================
75:158  0:000  Found 19 volumes with blockIO
75:158  0:000  - [00]: Volume: PciRoot(0x0)\Pci(0x14,0x0)\USB(0x14,0x0)
75:159  0:000          Result of bootcode detection: bootable unknown (legacy)
75:159  0:000          USB volume
75:159  0:000  - [01]: Volume: PciRoot(0x0)\Pci(0x14,0x0)\USB(0x14,0x0)\HD(1,MBR,0xAB8503CE,0x800,0x8F568)
75:160  0:000          Result of bootcode detection: bootable unknown (legacy)
75:160  0:000          USB volume
75:160  0:000  - [02]: Volume: PciRoot(0x0)\Pci(0x14,0x0)\USB(0x14,0x0)\HD(2,MBR,0xAB8503CE,0x90000,0x1DD1F8)
75:161  0:001          Result of bootcode detection: bootable unknown (legacy)
75:161  0:000          USB volume
75:161  0:000  - [03]: Volume: PciRoot(0x0)\Pci(0x14,0x0)\USB(0x14,0x0)\HD(3,MBR,0xAB8503CE,0x26D800,0xB8A800)
75:162  0:000          USB volume
75:162  0:000  - [04]: Volume: PciRoot(0x0)\Pci(0x14,0x0)\USB(0x9,0x0)
75:163  0:000          Result of bootcode detection: bootable unknown (legacy)
75:163  0:000          USB volume
75:163  0:000  - [05]: Volume: PciRoot(0x0)\Pci(0x14,0x0)\USB(0x9,0x0)\HD(1,MBR,0xD8D60075,0x1B7000,0x1AECD92)
75:164  0:001          Result of bootcode detection: bootable unknown (legacy)
75:164  0:000          USB volume
75:164  0:000  - [06]: Volume: PciRoot(0x0)\Pci(0x17,0x0)\Sata(0x0,0xFFFF,0x0)
75:164  0:000          Result of bootcode detection: bootable unknown (legacy)
75:164  0:000  - [07]: Volume: PciRoot(0x0)\Pci(0x17,0x0)\Sata(0x1,0xFFFF,0x0)
75:165  0:000  - [08]: Volume: PciRoot(0x0)\Pci(0x17,0x0)\Sata(0x0,0xFFFF,0x0)\HD(1,MBR,0x43434CF1,0x40,0x2542DA70)
75:165  0:000          Result of bootcode detection: bootable Windows (vista,win)
75:165  0:000  - [09]: Volume: PciRoot(0x0)\Pci(0x17,0x0)\Sata(0x1,0xFFFF,0x0)\HD(1,GPT,952F91BB-173C-4F9E-AA42-FA988E0DBE42,0x28,0x64000)
75:166  0:000          Result of bootcode detection: bootable unknown (legacy)
75:167  0:000          This is SelfVolume !!
75:167  0:000  - [10]: Volume: PciRoot(0x0)\Pci(0x17,0x0)\Sata(0x1,0xFFFF,0x0)\HD(2,GPT,5619E94C-9064-4E84-A19A-4050DA3D3AC1,0x64028,0x746A2D60)
75:167  0:000          Result of bootcode detection: bootable unknown (legacy)
75:167  0:000  - [11]: Volume: PciRoot(0x0)\Pci(0x1D,0x0)\Pci(0x0,0x0)\NVMe(0x1,5C-84-B3-81-5B-38-25-00)
75:167  0:000          Result of bootcode detection: bootable unknown (legacy)
75:167  0:000  - [12]: Volume: PciRoot(0x0)\Pci(0x1D,0x0)\Pci(0x0,0x0)\NVMe(0x1,5C-84-B3-81-5B-38-25-00)\HD(1,GPT,A06F7DBF-5F8A-4F23-8990-1CD1561C2635,0x800,0x96000)
75:167  0:000          Result of bootcode detection: bootable Windows (vista,win)
75:167  0:000  - [13]: Volume: PciRoot(0x0)\Pci(0x1D,0x0)\Pci(0x0,0x0)\NVMe(0x1,5C-84-B3-81-5B-38-25-00)\HD(2,GPT,7C1E537C-C0B7-4929-9097-F5C22795C63F,0x96800,0x40000)
75:167  0:000  - [14]: Volume: PciRoot(0x0)\Pci(0x1D,0x0)\Pci(0x0,0x0)\NVMe(0x1,5C-84-B3-81-5B-38-25-00)\HD(3,GPT,CC1D1968-0808-44EF-A9A0-997F27F5144C,0xD6800,0x1D0EF14F)
75:168  0:000          Result of bootcode detection: bootable Windows (vista,win)
75:168  0:000  - [15]: Volume: PciRoot(0x0)\Pci(0x17,0x0)\Sata(0x1,0xFFFF,0x0)\HD(2,GPT,5619E94C-9064-4E84-A19A-4050DA3D3AC1,0x64028,0x746A2D60)\VenMedia(BE74FCF7-0B7C-49F3-9147-01F4042E6842,8D90DC23A238B04A81801132AFD6BCFD)
75:168  0:000  - [16]: Volume: PciRoot(0x0)\Pci(0x17,0x0)\Sata(0x1,0xFFFF,0x0)\HD(2,GPT,5619E94C-9064-4E84-A19A-4050DA3D3AC1,0x64028,0x746A2D60)\VenMedia(BE74FCF7-0B7C-49F3-9147-01F4042E6842,18A458D5E693DD45A958FD057922F699)
75:168  0:000  - [17]: Volume: PciRoot(0x0)\Pci(0x17,0x0)\Sata(0x1,0xFFFF,0x0)\HD(2,GPT,5619E94C-9064-4E84-A19A-4050DA3D3AC1,0x64028,0x746A2D60)\VenMedia(BE74FCF7-0B7C-49F3-9147-01F4042E6842,B751BA3364308446BBC8EA820B18AFDF)
75:168  0:000  - [18]: Volume: PciRoot(0x0)\Pci(0x17,0x0)\Sata(0x1,0xFFFF,0x0)\HD(2,GPT,5619E94C-9064-4E84-A19A-4050DA3D3AC1,0x64028,0x746A2D60)\VenMedia(BE74FCF7-0B7C-49F3-9147-01F4042E6842,1B71A843CC95534AB7BB70A0723269E3)
75:171  0:003  PutNvramPlistToRtVars: nvram.plist not found
75:171  0:000  found 2 handles with audio
75:171  0:000  got index=7
75:171  0:000  got volume 70
75:171  0:000  theme inited
75:171  0:000  Chosen theme Hackintosh_ID
75:171  0:000  after NVRAM boot-args=-v darkwake=1 nvda_drv=1
75:171  0:000  === [ ScanLoader ] ========================================
75:171  0:000  - [01]: 'ESP'
75:171  0:000          AddLoaderEntry for Volume Name=ESP
75:174  0:002  - [02]: 'PE'
75:174  0:000  - [03]: 'osx.cx'
75:174  0:000          AddLoaderEntry for Volume Name=osx.cx
75:180  0:005  - [05]: ''
75:180  0:000          AddLoaderEntry for Volume Name=
75:182  0:002  - [08]: '° w'
75:182  0:000  - [09]: 'EFI'
75:196  0:014          AddLoaderEntry for Volume Name=EFI
75:196  0:000       skipped because path `PciRoot(0x0)\Pci(0x17,0x0)\Sata(0x1,0xFFFF,0x0)\HD(1,GPT,952F91BB-173C-4F9E-AA42-FA988E0DBE42,0x28,0x64000)\EFI\BOOT\BOOTX64.efii` is self path!
75:196  0:000  - [12]: 'EFI'
75:197  0:000          AddLoaderEntry for Volume Name=EFI
75:200  0:002          AddLoaderEntry for Volume Name=EFI
75:203  0:002  - [14]: ''
75:203  0:000  - [15]: 'Preboot'
75:214  0:010          AddLoaderEntry for Volume Name=Preboot
75:226  0:012      hibernated: set as never
75:236  0:009          AddLoaderEntry for Volume Name=Preboot
75:264  0:027  - [16]: 'mac'
75:356  0:092          AddLoaderEntry for Volume Name=mac
75:379  0:022      hibernated: set as never
75:397  0:017  - [17]: 'Recovery'
75:406  0:009          AddLoaderEntry for Volume Name=Recovery
75:426  0:020  - [18]: 'VM'
75:426  0:000  === [ AddCustomTool ] =====================================
75:427  0:001  found tool \EFI\CLOVER\tools\Shell64U.efi
75:427  0:000  Checking EFI partition Volume 9 for Clover
75:429  0:002   Found Clover
75:429  0:000  EmuVariable UninstallEmulation: CloseEvent = Invalid Parameter, original var services restored
75:429  0:000  EmuVariable InstallEmulation: orig vars copied, emu.var.services installed, CreateEvent VirtualAddressChange = Success, CreateEvent ExitBootServices = Success, set Status=Success
75:458  0:028  === [ GetEfiBootDeviceFromNvram ] =========================
75:458  0:000  Default boot entry not found
75:458  0:000  EmuVariable UninstallEmulation: CloseEvent = Success, original var services restored
75:458  0:000  DefaultIndex=-1 and MainMenu.EntryCount=15
93:504  18:046  Boot option Boot0000 not found
93:504  0:000  === [ StartLoader ] =======================================
93:504  0:000  Finally: ExternalClock=25MHz BusSpeed=99907kHz CPUFreq=3697MHz PIS: hw.busfrequency=100000000Hz
93:504  0:000  Loading BOOTX64.efi  status=Success
93:529  0:024  Custom boot is using theme logo
93:529  0:000  Closing log
